2022-06-21 13:31:39,159 ERROR [http-nio-80-exec-6] c.a.n.c.a.ExceptionAdvice [ExceptionAdvice.java:22] 服务器发生异常：
### Error updating database.  Cause: java.sql.SQLException: Incorrect string value: '\xF0\x9F\x90\xB7\xE6\x8B...' for column 'title' at row 1
### The error may exist in file [/Users/huliheng/IdeaProjects/NewCommunity/target/classes/mapper/discusspost-mapper.xml]
### The error may involve com.ancientmoon.newcommunity.dao.mapper.DiscussPostMapper.insertDiscussPost-Inline
### The error occurred while setting parameters
### SQL: insert into discuss_post(           user_id, title , content , type ,status, create_time , comment_count ,score      )         values (?,?,?,?,?,?,?,?)
### Cause: java.sql.SQLException: Incorrect string value: '\xF0\x9F\x90\xB7\xE6\x8B...' for column 'title' at row 1
; uncategorized SQLException; SQL state [HY000]; error code [1366]; Incorrect string value: '\xF0\x9F\x90\xB7\xE6\x8B...' for column 'title' at row 1; nested exception is java.sql.SQLException: Incorrect string value: '\xF0\x9F\x90\xB7\xE6\x8B...' for column 'title' at row 1
2022-06-21 13:31:39,161 ERROR [http-nio-80-exec-6] c.a.n.c.a.ExceptionAdvice [ExceptionAdvice.java:24] org.mybatis.spring.MyBatisExceptionTranslator.translateExceptionIfPossible(MyBatisExceptionTranslator.java:92)
2022-06-21 13:31:39,162 ERROR [http-nio-80-exec-6] c.a.n.c.a.ExceptionAdvice [ExceptionAdvice.java:24] org.mybatis.spring.SqlSessionTemplate$SqlSessionInterceptor.invoke(SqlSessionTemplate.java:441)
2022-06-21 13:31:39,162 ERROR [http-nio-80-exec-6] c.a.n.c.a.ExceptionAdvice [ExceptionAdvice.java:24] com.sun.proxy.$Proxy83.insert(Unknown Source)
2022-06-21 13:31:39,162 ERROR [http-nio-80-exec-6] c.a.n.c.a.ExceptionAdvice [ExceptionAdvice.java:24] org.mybatis.spring.SqlSessionTemplate.insert(SqlSessionTemplate.java:272)
2022-06-21 13:31:39,162 ERROR [http-nio-80-exec-6] c.a.n.c.a.ExceptionAdvice [ExceptionAdvice.java:24] org.apache.ibatis.binding.MapperMethod.execute(MapperMethod.java:62)
2022-06-21 13:31:39,162 ERROR [http-nio-80-exec-6] c.a.n.c.a.ExceptionAdvice [ExceptionAdvice.java:24] org.apache.ibatis.binding.MapperProxy$PlainMethodInvoker.invoke(MapperProxy.java:145)
2022-06-21 13:31:39,162 ERROR [http-nio-80-exec-6] c.a.n.c.a.ExceptionAdvice [ExceptionAdvice.java:24] org.apache.ibatis.binding.MapperProxy.invoke(MapperProxy.java:86)
2022-06-21 13:31:39,162 ERROR [http-nio-80-exec-6] c.a.n.c.a.ExceptionAdvice [ExceptionAdvice.java:24] com.sun.proxy.$Proxy96.insertDiscussPost(Unknown Source)
2022-06-21 13:31:39,162 ERROR [http-nio-80-exec-6] c.a.n.c.a.ExceptionAdvice [ExceptionAdvice.java:24] com.ancientmoon.newcommunity.service.DiscussPostService.addDiscussPost(DiscussPostService.java:40)
2022-06-21 13:31:39,163 ERROR [http-nio-80-exec-6] c.a.n.c.a.ExceptionAdvice [ExceptionAdvice.java:24] com.ancientmoon.newcommunity.service.DiscussPostService$$FastClassBySpringCGLIB$$cc4c6191.invoke(<generated>)
2022-06-21 13:31:39,163 ERROR [http-nio-80-exec-6] c.a.n.c.a.ExceptionAdvice [ExceptionAdvice.java:24] org.springframework.cglib.proxy.MethodProxy.invoke(MethodProxy.java:218)
2022-06-21 13:31:39,163 ERROR [http-nio-80-exec-6] c.a.n.c.a.ExceptionAdvice [ExceptionAdvice.java:24] org.springframework.aop.framework.CglibAopProxy$CglibMethodInvocation.invokeJoinpoint(CglibAopProxy.java:779)
2022-06-21 13:31:39,163 ERROR [http-nio-80-exec-6] c.a.n.c.a.ExceptionAdvice [ExceptionAdvice.java:24] org.springframework.aop.framework.ReflectiveMethodInvocation.proceed(ReflectiveMethodInvocation.java:163)
2022-06-21 13:31:39,163 ERROR [http-nio-80-exec-6] c.a.n.c.a.ExceptionAdvice [ExceptionAdvice.java:24] org.springframework.aop.framework.CglibAopProxy$CglibMethodInvocation.proceed(CglibAopProxy.java:750)
2022-06-21 13:31:39,163 ERROR [http-nio-80-exec-6] c.a.n.c.a.ExceptionAdvice [ExceptionAdvice.java:24] org.springframework.aop.framework.adapter.MethodBeforeAdviceInterceptor.invoke(MethodBeforeAdviceInterceptor.java:58)
2022-06-21 13:31:39,163 ERROR [http-nio-80-exec-6] c.a.n.c.a.ExceptionAdvice [ExceptionAdvice.java:24] org.springframework.aop.framework.ReflectiveMethodInvocation.proceed(ReflectiveMethodInvocation.java:186)
2022-06-21 13:31:39,163 ERROR [http-nio-80-exec-6] c.a.n.c.a.ExceptionAdvice [ExceptionAdvice.java:24] org.springframework.aop.framework.CglibAopProxy$CglibMethodInvocation.proceed(CglibAopProxy.java:750)
2022-06-21 13:31:39,163 ERROR [http-nio-80-exec-6] c.a.n.c.a.ExceptionAdvice [ExceptionAdvice.java:24] org.springframework.aop.interceptor.ExposeInvocationInterceptor.invoke(ExposeInvocationInterceptor.java:97)
2022-06-21 13:31:39,164 ERROR [http-nio-80-exec-6] c.a.n.c.a.ExceptionAdvice [ExceptionAdvice.java:24] org.springframework.aop.framework.ReflectiveMethodInvocation.proceed(ReflectiveMethodInvocation.java:186)
2022-06-21 13:31:39,164 ERROR [http-nio-80-exec-6] c.a.n.c.a.ExceptionAdvice [ExceptionAdvice.java:24] org.springframework.aop.framework.CglibAopProxy$CglibMethodInvocation.proceed(CglibAopProxy.java:750)
2022-06-21 13:31:39,164 ERROR [http-nio-80-exec-6] c.a.n.c.a.ExceptionAdvice [ExceptionAdvice.java:24] org.springframework.aop.framework.CglibAopProxy$DynamicAdvisedInterceptor.intercept(CglibAopProxy.java:692)
2022-06-21 13:31:39,164 ERROR [http-nio-80-exec-6] c.a.n.c.a.ExceptionAdvice [ExceptionAdvice.java:24] com.ancientmoon.newcommunity.service.DiscussPostService$$EnhancerBySpringCGLIB$$764d230a.addDiscussPost(<generated>)
2022-06-21 13:31:39,164 ERROR [http-nio-80-exec-6] c.a.n.c.a.ExceptionAdvice [ExceptionAdvice.java:24] com.ancientmoon.newcommunity.controller.DiscussPostController.addDiscussPost(DiscussPostController.java:60)
2022-06-21 13:31:39,164 ERROR [http-nio-80-exec-6] c.a.n.c.a.ExceptionAdvice [ExceptionAdvice.java:24] sun.reflect.NativeMethodAccessorImpl.invoke0(Native Method)
2022-06-21 13:31:39,164 ERROR [http-nio-80-exec-6] c.a.n.c.a.ExceptionAdvice [ExceptionAdvice.java:24] sun.reflect.NativeMethodAccessorImpl.invoke(NativeMethodAccessorImpl.java:62)
2022-06-21 13:31:39,164 ERROR [http-nio-80-exec-6] c.a.n.c.a.ExceptionAdvice [ExceptionAdvice.java:24] sun.reflect.DelegatingMethodAccessorImpl.invoke(DelegatingMethodAccessorImpl.java:43)
2022-06-21 13:31:39,164 ERROR [http-nio-80-exec-6] c.a.n.c.a.ExceptionAdvice [ExceptionAdvice.java:24] java.lang.reflect.Method.invoke(Method.java:498)
2022-06-21 13:31:39,164 ERROR [http-nio-80-exec-6] c.a.n.c.a.ExceptionAdvice [ExceptionAdvice.java:24] org.springframework.web.method.support.InvocableHandlerMethod.doInvoke(InvocableHandlerMethod.java:197)
2022-06-21 13:31:39,165 ERROR [http-nio-80-exec-6] c.a.n.c.a.ExceptionAdvice [ExceptionAdvice.java:24] org.springframework.web.method.support.InvocableHandlerMethod.invokeForRequest(InvocableHandlerMethod.java:141)
2022-06-21 13:31:39,165 ERROR [http-nio-80-exec-6] c.a.n.c.a.ExceptionAdvice [ExceptionAdvice.java:24] org.springframework.web.servlet.mvc.method.annotation.ServletInvocableHandlerMethod.invokeAndHandle(ServletInvocableHandlerMethod.java:106)
2022-06-21 13:31:39,165 ERROR [http-nio-80-exec-6] c.a.n.c.a.ExceptionAdvice [ExceptionAdvice.java:24] org.springframework.web.servlet.mvc.method.annotation.RequestMappingHandlerAdapter.invokeHandlerMethod(RequestMappingHandlerAdapter.java:895)
2022-06-21 13:31:39,165 ERROR [http-nio-80-exec-6] c.a.n.c.a.ExceptionAdvice [ExceptionAdvice.java:24] org.springframework.web.servlet.mvc.method.annotation.RequestMappingHandlerAdapter.handleInternal(RequestMappingHandlerAdapter.java:808)
2022-06-21 13:31:39,165 ERROR [http-nio-80-exec-6] c.a.n.c.a.ExceptionAdvice [ExceptionAdvice.java:24] org.springframework.web.servlet.mvc.method.AbstractHandlerMethodAdapter.handle(AbstractHandlerMethodAdapter.java:87)
2022-06-21 13:31:39,165 ERROR [http-nio-80-exec-6] c.a.n.c.a.ExceptionAdvice [ExceptionAdvice.java:24] org.springframework.web.servlet.DispatcherServlet.doDispatch(DispatcherServlet.java:1064)
2022-06-21 13:31:39,165 ERROR [http-nio-80-exec-6] c.a.n.c.a.ExceptionAdvice [ExceptionAdvice.java:24] org.springframework.web.servlet.DispatcherServlet.doService(DispatcherServlet.java:963)
2022-06-21 13:31:39,165 ERROR [http-nio-80-exec-6] c.a.n.c.a.ExceptionAdvice [ExceptionAdvice.java:24] org.springframework.web.servlet.FrameworkServlet.processRequest(FrameworkServlet.java:1006)
2022-06-21 13:31:39,165 ERROR [http-nio-80-exec-6] c.a.n.c.a.ExceptionAdvice [ExceptionAdvice.java:24] org.springframework.web.servlet.FrameworkServlet.doPost(FrameworkServlet.java:909)
2022-06-21 13:31:39,165 ERROR [http-nio-80-exec-6] c.a.n.c.a.ExceptionAdvice [ExceptionAdvice.java:24] javax.servlet.http.HttpServlet.service(HttpServlet.java:681)
2022-06-21 13:31:39,166 ERROR [http-nio-80-exec-6] c.a.n.c.a.ExceptionAdvice [ExceptionAdvice.java:24] org.springframework.web.servlet.FrameworkServlet.service(FrameworkServlet.java:883)
2022-06-21 13:31:39,166 ERROR [http-nio-80-exec-6] c.a.n.c.a.ExceptionAdvice [ExceptionAdvice.java:24] javax.servlet.http.HttpServlet.service(HttpServlet.java:764)
2022-06-21 13:31:39,166 ERROR [http-nio-80-exec-6] c.a.n.c.a.ExceptionAdvice [ExceptionAdvice.java:24] org.apache.catalina.core.ApplicationFilterChain.internalDoFilter(ApplicationFilterChain.java:227)
2022-06-21 13:31:39,166 ERROR [http-nio-80-exec-6] c.a.n.c.a.ExceptionAdvice [ExceptionAdvice.java:24] org.apache.catalina.core.ApplicationFilterChain.doFilter(ApplicationFilterChain.java:162)
2022-06-21 13:31:39,166 ERROR [http-nio-80-exec-6] c.a.n.c.a.ExceptionAdvice [ExceptionAdvice.java:24] org.apache.tomcat.websocket.server.WsFilter.doFilter(WsFilter.java:53)
2022-06-21 13:31:39,166 ERROR [http-nio-80-exec-6] c.a.n.c.a.ExceptionAdvice [ExceptionAdvice.java:24] org.apache.catalina.core.ApplicationFilterChain.internalDoFilter(ApplicationFilterChain.java:189)
2022-06-21 13:31:39,166 ERROR [http-nio-80-exec-6] c.a.n.c.a.ExceptionAdvice [ExceptionAdvice.java:24] org.apache.catalina.core.ApplicationFilterChain.doFilter(ApplicationFilterChain.java:162)
2022-06-21 13:31:39,166 ERROR [http-nio-80-exec-6] c.a.n.c.a.ExceptionAdvice [ExceptionAdvice.java:24] org.springframework.web.filter.RequestContextFilter.doFilterInternal(RequestContextFilter.java:100)
2022-06-21 13:31:39,166 ERROR [http-nio-80-exec-6] c.a.n.c.a.ExceptionAdvice [ExceptionAdvice.java:24] org.springframework.web.filter.OncePerRequestFilter.doFilter(OncePerRequestFilter.java:119)
2022-06-21 13:31:39,166 ERROR [http-nio-80-exec-6] c.a.n.c.a.ExceptionAdvice [ExceptionAdvice.java:24] org.apache.catalina.core.ApplicationFilterChain.internalDoFilter(ApplicationFilterChain.java:189)
2022-06-21 13:31:39,167 ERROR [http-nio-80-exec-6] c.a.n.c.a.ExceptionAdvice [ExceptionAdvice.java:24] org.apache.catalina.core.ApplicationFilterChain.doFilter(ApplicationFilterChain.java:162)
2022-06-21 13:31:39,167 ERROR [http-nio-80-exec-6] c.a.n.c.a.ExceptionAdvice [ExceptionAdvice.java:24] org.springframework.web.filter.FormContentFilter.doFilterInternal(FormContentFilter.java:93)
2022-06-21 13:31:39,167 ERROR [http-nio-80-exec-6] c.a.n.c.a.ExceptionAdvice [ExceptionAdvice.java:24] org.springframework.web.filter.OncePerRequestFilter.doFilter(OncePerRequestFilter.java:119)
2022-06-21 13:31:39,167 ERROR [http-nio-80-exec-6] c.a.n.c.a.ExceptionAdvice [ExceptionAdvice.java:24] org.apache.catalina.core.ApplicationFilterChain.internalDoFilter(ApplicationFilterChain.java:189)
2022-06-21 13:31:39,167 ERROR [http-nio-80-exec-6] c.a.n.c.a.ExceptionAdvice [ExceptionAdvice.java:24] org.apache.catalina.core.ApplicationFilterChain.doFilter(ApplicationFilterChain.java:162)
2022-06-21 13:31:39,167 ERROR [http-nio-80-exec-6] c.a.n.c.a.ExceptionAdvice [ExceptionAdvice.java:24] org.springframework.web.filter.CharacterEncodingFilter.doFilterInternal(CharacterEncodingFilter.java:201)
2022-06-21 13:31:39,167 ERROR [http-nio-80-exec-6] c.a.n.c.a.ExceptionAdvice [ExceptionAdvice.java:24] org.springframework.web.filter.OncePerRequestFilter.doFilter(OncePerRequestFilter.java:119)
2022-06-21 13:31:39,167 ERROR [http-nio-80-exec-6] c.a.n.c.a.ExceptionAdvice [ExceptionAdvice.java:24] org.apache.catalina.core.ApplicationFilterChain.internalDoFilter(ApplicationFilterChain.java:189)
2022-06-21 13:31:39,167 ERROR [http-nio-80-exec-6] c.a.n.c.a.ExceptionAdvice [ExceptionAdvice.java:24] org.apache.catalina.core.ApplicationFilterChain.doFilter(ApplicationFilterChain.java:162)
2022-06-21 13:31:39,168 ERROR [http-nio-80-exec-6] c.a.n.c.a.ExceptionAdvice [ExceptionAdvice.java:24] org.apache.catalina.core.StandardWrapperValve.invoke(StandardWrapperValve.java:197)
2022-06-21 13:31:39,168 ERROR [http-nio-80-exec-6] c.a.n.c.a.ExceptionAdvice [ExceptionAdvice.java:24] org.apache.catalina.core.StandardContextValve.invoke(StandardContextValve.java:97)
2022-06-21 13:31:39,168 ERROR [http-nio-80-exec-6] c.a.n.c.a.ExceptionAdvice [ExceptionAdvice.java:24] org.apache.catalina.authenticator.AuthenticatorBase.invoke(AuthenticatorBase.java:542)
2022-06-21 13:31:39,168 ERROR [http-nio-80-exec-6] c.a.n.c.a.ExceptionAdvice [ExceptionAdvice.java:24] org.apache.catalina.core.StandardHostValve.invoke(StandardHostValve.java:135)
2022-06-21 13:31:39,168 ERROR [http-nio-80-exec-6] c.a.n.c.a.ExceptionAdvice [ExceptionAdvice.java:24] org.apache.catalina.valves.ErrorReportValve.invoke(ErrorReportValve.java:92)
2022-06-21 13:31:39,168 ERROR [http-nio-80-exec-6] c.a.n.c.a.ExceptionAdvice [ExceptionAdvice.java:24] org.apache.catalina.core.StandardEngineValve.invoke(StandardEngineValve.java:78)
2022-06-21 13:31:39,168 ERROR [http-nio-80-exec-6] c.a.n.c.a.ExceptionAdvice [ExceptionAdvice.java:24] org.apache.catalina.connector.CoyoteAdapter.service(CoyoteAdapter.java:357)
2022-06-21 13:31:39,169 ERROR [http-nio-80-exec-6] c.a.n.c.a.ExceptionAdvice [ExceptionAdvice.java:24] org.apache.coyote.http11.Http11Processor.service(Http11Processor.java:382)
2022-06-21 13:31:39,169 ERROR [http-nio-80-exec-6] c.a.n.c.a.ExceptionAdvice [ExceptionAdvice.java:24] org.apache.coyote.AbstractProcessorLight.process(AbstractProcessorLight.java:65)
2022-06-21 13:31:39,169 ERROR [http-nio-80-exec-6] c.a.n.c.a.ExceptionAdvice [ExceptionAdvice.java:24] org.apache.coyote.AbstractProtocol$ConnectionHandler.process(AbstractProtocol.java:893)
2022-06-21 13:31:39,169 ERROR [http-nio-80-exec-6] c.a.n.c.a.ExceptionAdvice [ExceptionAdvice.java:24] org.apache.tomcat.util.net.NioEndpoint$SocketProcessor.doRun(NioEndpoint.java:1726)
2022-06-21 13:31:39,169 ERROR [http-nio-80-exec-6] c.a.n.c.a.ExceptionAdvice [ExceptionAdvice.java:24] org.apache.tomcat.util.net.SocketProcessorBase.run(SocketProcessorBase.java:49)
2022-06-21 13:31:39,169 ERROR [http-nio-80-exec-6] c.a.n.c.a.ExceptionAdvice [ExceptionAdvice.java:24] org.apache.tomcat.util.threads.ThreadPoolExecutor.runWorker(ThreadPoolExecutor.java:1191)
2022-06-21 13:31:39,169 ERROR [http-nio-80-exec-6] c.a.n.c.a.ExceptionAdvice [ExceptionAdvice.java:24] org.apache.tomcat.util.threads.ThreadPoolExecutor$Worker.run(ThreadPoolExecutor.java:659)
2022-06-21 13:31:39,169 ERROR [http-nio-80-exec-6] c.a.n.c.a.ExceptionAdvice [ExceptionAdvice.java:24] org.apache.tomcat.util.threads.TaskThread$WrappingRunnable.run(TaskThread.java:61)
2022-06-21 13:31:39,170 ERROR [http-nio-80-exec-6] c.a.n.c.a.ExceptionAdvice [ExceptionAdvice.java:24] java.lang.Thread.run(Thread.java:750)
2022-06-21 13:32:00,891 ERROR [http-nio-80-exec-2] c.a.n.c.a.ExceptionAdvice [ExceptionAdvice.java:22] 服务器发生异常：
### Error updating database.  Cause: java.sql.SQLException: Incorrect string value: '\xF0\x9F\x90\xB7\xE6\x8B...' for column 'title' at row 1
### The error may exist in file [/Users/huliheng/IdeaProjects/NewCommunity/target/classes/mapper/discusspost-mapper.xml]
### The error may involve com.ancientmoon.newcommunity.dao.mapper.DiscussPostMapper.insertDiscussPost-Inline
### The error occurred while setting parameters
### SQL: insert into discuss_post(           user_id, title , content , type ,status, create_time , comment_count ,score      )         values (?,?,?,?,?,?,?,?)
### Cause: java.sql.SQLException: Incorrect string value: '\xF0\x9F\x90\xB7\xE6\x8B...' for column 'title' at row 1
; uncategorized SQLException; SQL state [HY000]; error code [1366]; Incorrect string value: '\xF0\x9F\x90\xB7\xE6\x8B...' for column 'title' at row 1; nested exception is java.sql.SQLException: Incorrect string value: '\xF0\x9F\x90\xB7\xE6\x8B...' for column 'title' at row 1
2022-06-21 13:32:00,891 ERROR [http-nio-80-exec-2] c.a.n.c.a.ExceptionAdvice [ExceptionAdvice.java:24] org.mybatis.spring.MyBatisExceptionTranslator.translateExceptionIfPossible(MyBatisExceptionTranslator.java:92)
2022-06-21 13:32:00,891 ERROR [http-nio-80-exec-2] c.a.n.c.a.ExceptionAdvice [ExceptionAdvice.java:24] org.mybatis.spring.SqlSessionTemplate$SqlSessionInterceptor.invoke(SqlSessionTemplate.java:441)
2022-06-21 13:32:00,891 ERROR [http-nio-80-exec-2] c.a.n.c.a.ExceptionAdvice [ExceptionAdvice.java:24] com.sun.proxy.$Proxy83.insert(Unknown Source)
2022-06-21 13:32:00,892 ERROR [http-nio-80-exec-2] c.a.n.c.a.ExceptionAdvice [ExceptionAdvice.java:24] org.mybatis.spring.SqlSessionTemplate.insert(SqlSessionTemplate.java:272)
2022-06-21 13:32:00,892 ERROR [http-nio-80-exec-2] c.a.n.c.a.ExceptionAdvice [ExceptionAdvice.java:24] org.apache.ibatis.binding.MapperMethod.execute(MapperMethod.java:62)
2022-06-21 13:32:00,892 ERROR [http-nio-80-exec-2] c.a.n.c.a.ExceptionAdvice [ExceptionAdvice.java:24] org.apache.ibatis.binding.MapperProxy$PlainMethodInvoker.invoke(MapperProxy.java:145)
2022-06-21 13:32:00,892 ERROR [http-nio-80-exec-2] c.a.n.c.a.ExceptionAdvice [ExceptionAdvice.java:24] org.apache.ibatis.binding.MapperProxy.invoke(MapperProxy.java:86)
2022-06-21 13:32:00,892 ERROR [http-nio-80-exec-2] c.a.n.c.a.ExceptionAdvice [ExceptionAdvice.java:24] com.sun.proxy.$Proxy96.insertDiscussPost(Unknown Source)
2022-06-21 13:32:00,892 ERROR [http-nio-80-exec-2] c.a.n.c.a.ExceptionAdvice [ExceptionAdvice.java:24] com.ancientmoon.newcommunity.service.DiscussPostService.addDiscussPost(DiscussPostService.java:40)
2022-06-21 13:32:00,892 ERROR [http-nio-80-exec-2] c.a.n.c.a.ExceptionAdvice [ExceptionAdvice.java:24] com.ancientmoon.newcommunity.service.DiscussPostService$$FastClassBySpringCGLIB$$cc4c6191.invoke(<generated>)
2022-06-21 13:32:00,892 ERROR [http-nio-80-exec-2] c.a.n.c.a.ExceptionAdvice [ExceptionAdvice.java:24] org.springframework.cglib.proxy.MethodProxy.invoke(MethodProxy.java:218)
2022-06-21 13:32:00,893 ERROR [http-nio-80-exec-2] c.a.n.c.a.ExceptionAdvice [ExceptionAdvice.java:24] org.springframework.aop.framework.CglibAopProxy$CglibMethodInvocation.invokeJoinpoint(CglibAopProxy.java:779)
2022-06-21 13:32:00,893 ERROR [http-nio-80-exec-2] c.a.n.c.a.ExceptionAdvice [ExceptionAdvice.java:24] org.springframework.aop.framework.ReflectiveMethodInvocation.proceed(ReflectiveMethodInvocation.java:163)
2022-06-21 13:32:00,893 ERROR [http-nio-80-exec-2] c.a.n.c.a.ExceptionAdvice [ExceptionAdvice.java:24] org.springframework.aop.framework.CglibAopProxy$CglibMethodInvocation.proceed(CglibAopProxy.java:750)
2022-06-21 13:32:00,893 ERROR [http-nio-80-exec-2] c.a.n.c.a.ExceptionAdvice [ExceptionAdvice.java:24] org.springframework.aop.framework.adapter.MethodBeforeAdviceInterceptor.invoke(MethodBeforeAdviceInterceptor.java:58)
2022-06-21 13:32:00,893 ERROR [http-nio-80-exec-2] c.a.n.c.a.ExceptionAdvice [ExceptionAdvice.java:24] org.springframework.aop.framework.ReflectiveMethodInvocation.proceed(ReflectiveMethodInvocation.java:186)
2022-06-21 13:32:00,893 ERROR [http-nio-80-exec-2] c.a.n.c.a.ExceptionAdvice [ExceptionAdvice.java:24] org.springframework.aop.framework.CglibAopProxy$CglibMethodInvocation.proceed(CglibAopProxy.java:750)
2022-06-21 13:32:00,893 ERROR [http-nio-80-exec-2] c.a.n.c.a.ExceptionAdvice [ExceptionAdvice.java:24] org.springframework.aop.interceptor.ExposeInvocationInterceptor.invoke(ExposeInvocationInterceptor.java:97)
2022-06-21 13:32:00,893 ERROR [http-nio-80-exec-2] c.a.n.c.a.ExceptionAdvice [ExceptionAdvice.java:24] org.springframework.aop.framework.ReflectiveMethodInvocation.proceed(ReflectiveMethodInvocation.java:186)
2022-06-21 13:32:00,893 ERROR [http-nio-80-exec-2] c.a.n.c.a.ExceptionAdvice [ExceptionAdvice.java:24] org.springframework.aop.framework.CglibAopProxy$CglibMethodInvocation.proceed(CglibAopProxy.java:750)
2022-06-21 13:32:00,893 ERROR [http-nio-80-exec-2] c.a.n.c.a.ExceptionAdvice [ExceptionAdvice.java:24] org.springframework.aop.framework.CglibAopProxy$DynamicAdvisedInterceptor.intercept(CglibAopProxy.java:692)
2022-06-21 13:32:00,893 ERROR [http-nio-80-exec-2] c.a.n.c.a.ExceptionAdvice [ExceptionAdvice.java:24] com.ancientmoon.newcommunity.service.DiscussPostService$$EnhancerBySpringCGLIB$$764d230a.addDiscussPost(<generated>)
2022-06-21 13:32:00,894 ERROR [http-nio-80-exec-2] c.a.n.c.a.ExceptionAdvice [ExceptionAdvice.java:24] com.ancientmoon.newcommunity.controller.DiscussPostController.addDiscussPost(DiscussPostController.java:60)
2022-06-21 13:32:00,894 ERROR [http-nio-80-exec-2] c.a.n.c.a.ExceptionAdvice [ExceptionAdvice.java:24] sun.reflect.NativeMethodAccessorImpl.invoke0(Native Method)
2022-06-21 13:32:00,894 ERROR [http-nio-80-exec-2] c.a.n.c.a.ExceptionAdvice [ExceptionAdvice.java:24] sun.reflect.NativeMethodAccessorImpl.invoke(NativeMethodAccessorImpl.java:62)
2022-06-21 13:32:00,894 ERROR [http-nio-80-exec-2] c.a.n.c.a.ExceptionAdvice [ExceptionAdvice.java:24] sun.reflect.DelegatingMethodAccessorImpl.invoke(DelegatingMethodAccessorImpl.java:43)
2022-06-21 13:32:00,894 ERROR [http-nio-80-exec-2] c.a.n.c.a.ExceptionAdvice [ExceptionAdvice.java:24] java.lang.reflect.Method.invoke(Method.java:498)
2022-06-21 13:32:00,894 ERROR [http-nio-80-exec-2] c.a.n.c.a.ExceptionAdvice [ExceptionAdvice.java:24] org.springframework.web.method.support.InvocableHandlerMethod.doInvoke(InvocableHandlerMethod.java:197)
2022-06-21 13:32:00,894 ERROR [http-nio-80-exec-2] c.a.n.c.a.ExceptionAdvice [ExceptionAdvice.java:24] org.springframework.web.method.support.InvocableHandlerMethod.invokeForRequest(InvocableHandlerMethod.java:141)
2022-06-21 13:32:00,894 ERROR [http-nio-80-exec-2] c.a.n.c.a.ExceptionAdvice [ExceptionAdvice.java:24] org.springframework.web.servlet.mvc.method.annotation.ServletInvocableHandlerMethod.invokeAndHandle(ServletInvocableHandlerMethod.java:106)
2022-06-21 13:32:00,894 ERROR [http-nio-80-exec-2] c.a.n.c.a.ExceptionAdvice [ExceptionAdvice.java:24] org.springframework.web.servlet.mvc.method.annotation.RequestMappingHandlerAdapter.invokeHandlerMethod(RequestMappingHandlerAdapter.java:895)
2022-06-21 13:32:00,894 ERROR [http-nio-80-exec-2] c.a.n.c.a.ExceptionAdvice [ExceptionAdvice.java:24] org.springframework.web.servlet.mvc.method.annotation.RequestMappingHandlerAdapter.handleInternal(RequestMappingHandlerAdapter.java:808)
2022-06-21 13:32:00,895 ERROR [http-nio-80-exec-2] c.a.n.c.a.ExceptionAdvice [ExceptionAdvice.java:24] org.springframework.web.servlet.mvc.method.AbstractHandlerMethodAdapter.handle(AbstractHandlerMethodAdapter.java:87)
2022-06-21 13:32:00,895 ERROR [http-nio-80-exec-2] c.a.n.c.a.ExceptionAdvice [ExceptionAdvice.java:24] org.springframework.web.servlet.DispatcherServlet.doDispatch(DispatcherServlet.java:1064)
2022-06-21 13:32:00,895 ERROR [http-nio-80-exec-2] c.a.n.c.a.ExceptionAdvice [ExceptionAdvice.java:24] org.springframework.web.servlet.DispatcherServlet.doService(DispatcherServlet.java:963)
2022-06-21 13:32:00,895 ERROR [http-nio-80-exec-2] c.a.n.c.a.ExceptionAdvice [ExceptionAdvice.java:24] org.springframework.web.servlet.FrameworkServlet.processRequest(FrameworkServlet.java:1006)
2022-06-21 13:32:00,895 ERROR [http-nio-80-exec-2] c.a.n.c.a.ExceptionAdvice [ExceptionAdvice.java:24] org.springframework.web.servlet.FrameworkServlet.doPost(FrameworkServlet.java:909)
2022-06-21 13:32:00,895 ERROR [http-nio-80-exec-2] c.a.n.c.a.ExceptionAdvice [ExceptionAdvice.java:24] javax.servlet.http.HttpServlet.service(HttpServlet.java:681)
2022-06-21 13:32:00,895 ERROR [http-nio-80-exec-2] c.a.n.c.a.ExceptionAdvice [ExceptionAdvice.java:24] org.springframework.web.servlet.FrameworkServlet.service(FrameworkServlet.java:883)
2022-06-21 13:32:00,895 ERROR [http-nio-80-exec-2] c.a.n.c.a.ExceptionAdvice [ExceptionAdvice.java:24] javax.servlet.http.HttpServlet.service(HttpServlet.java:764)
2022-06-21 13:32:00,895 ERROR [http-nio-80-exec-2] c.a.n.c.a.ExceptionAdvice [ExceptionAdvice.java:24] org.apache.catalina.core.ApplicationFilterChain.internalDoFilter(ApplicationFilterChain.java:227)
2022-06-21 13:32:00,895 ERROR [http-nio-80-exec-2] c.a.n.c.a.ExceptionAdvice [ExceptionAdvice.java:24] org.apache.catalina.core.ApplicationFilterChain.doFilter(ApplicationFilterChain.java:162)
2022-06-21 13:32:00,895 ERROR [http-nio-80-exec-2] c.a.n.c.a.ExceptionAdvice [ExceptionAdvice.java:24] org.apache.tomcat.websocket.server.WsFilter.doFilter(WsFilter.java:53)
2022-06-21 13:32:00,896 ERROR [http-nio-80-exec-2] c.a.n.c.a.ExceptionAdvice [ExceptionAdvice.java:24] org.apache.catalina.core.ApplicationFilterChain.internalDoFilter(ApplicationFilterChain.java:189)
2022-06-21 13:32:00,896 ERROR [http-nio-80-exec-2] c.a.n.c.a.ExceptionAdvice [ExceptionAdvice.java:24] org.apache.catalina.core.ApplicationFilterChain.doFilter(ApplicationFilterChain.java:162)
2022-06-21 13:32:00,896 ERROR [http-nio-80-exec-2] c.a.n.c.a.ExceptionAdvice [ExceptionAdvice.java:24] org.springframework.web.filter.RequestContextFilter.doFilterInternal(RequestContextFilter.java:100)
2022-06-21 13:32:00,896 ERROR [http-nio-80-exec-2] c.a.n.c.a.ExceptionAdvice [ExceptionAdvice.java:24] org.springframework.web.filter.OncePerRequestFilter.doFilter(OncePerRequestFilter.java:119)
2022-06-21 13:32:00,896 ERROR [http-nio-80-exec-2] c.a.n.c.a.ExceptionAdvice [ExceptionAdvice.java:24] org.apache.catalina.core.ApplicationFilterChain.internalDoFilter(ApplicationFilterChain.java:189)
2022-06-21 13:32:00,896 ERROR [http-nio-80-exec-2] c.a.n.c.a.ExceptionAdvice [ExceptionAdvice.java:24] org.apache.catalina.core.ApplicationFilterChain.doFilter(ApplicationFilterChain.java:162)
2022-06-21 13:32:00,896 ERROR [http-nio-80-exec-2] c.a.n.c.a.ExceptionAdvice [ExceptionAdvice.java:24] org.springframework.web.filter.FormContentFilter.doFilterInternal(FormContentFilter.java:93)
2022-06-21 13:32:00,896 ERROR [http-nio-80-exec-2] c.a.n.c.a.ExceptionAdvice [ExceptionAdvice.java:24] org.springframework.web.filter.OncePerRequestFilter.doFilter(OncePerRequestFilter.java:119)
2022-06-21 13:32:00,896 ERROR [http-nio-80-exec-2] c.a.n.c.a.ExceptionAdvice [ExceptionAdvice.java:24] org.apache.catalina.core.ApplicationFilterChain.internalDoFilter(ApplicationFilterChain.java:189)
2022-06-21 13:32:00,897 ERROR [http-nio-80-exec-2] c.a.n.c.a.ExceptionAdvice [ExceptionAdvice.java:24] org.apache.catalina.core.ApplicationFilterChain.doFilter(ApplicationFilterChain.java:162)
2022-06-21 13:32:00,897 ERROR [http-nio-80-exec-2] c.a.n.c.a.ExceptionAdvice [ExceptionAdvice.java:24] org.springframework.web.filter.CharacterEncodingFilter.doFilterInternal(CharacterEncodingFilter.java:201)
2022-06-21 13:32:00,897 ERROR [http-nio-80-exec-2] c.a.n.c.a.ExceptionAdvice [ExceptionAdvice.java:24] org.springframework.web.filter.OncePerRequestFilter.doFilter(OncePerRequestFilter.java:119)
2022-06-21 13:32:00,897 ERROR [http-nio-80-exec-2] c.a.n.c.a.ExceptionAdvice [ExceptionAdvice.java:24] org.apache.catalina.core.ApplicationFilterChain.internalDoFilter(ApplicationFilterChain.java:189)
2022-06-21 13:32:00,897 ERROR [http-nio-80-exec-2] c.a.n.c.a.ExceptionAdvice [ExceptionAdvice.java:24] org.apache.catalina.core.ApplicationFilterChain.doFilter(ApplicationFilterChain.java:162)
2022-06-21 13:32:00,897 ERROR [http-nio-80-exec-2] c.a.n.c.a.ExceptionAdvice [ExceptionAdvice.java:24] org.apache.catalina.core.StandardWrapperValve.invoke(StandardWrapperValve.java:197)
2022-06-21 13:32:00,897 ERROR [http-nio-80-exec-2] c.a.n.c.a.ExceptionAdvice [ExceptionAdvice.java:24] org.apache.catalina.core.StandardContextValve.invoke(StandardContextValve.java:97)
2022-06-21 13:32:00,897 ERROR [http-nio-80-exec-2] c.a.n.c.a.ExceptionAdvice [ExceptionAdvice.java:24] org.apache.catalina.authenticator.AuthenticatorBase.invoke(AuthenticatorBase.java:542)
2022-06-21 13:32:00,897 ERROR [http-nio-80-exec-2] c.a.n.c.a.ExceptionAdvice [ExceptionAdvice.java:24] org.apache.catalina.core.StandardHostValve.invoke(StandardHostValve.java:135)
2022-06-21 13:32:00,897 ERROR [http-nio-80-exec-2] c.a.n.c.a.ExceptionAdvice [ExceptionAdvice.java:24] org.apache.catalina.valves.ErrorReportValve.invoke(ErrorReportValve.java:92)
2022-06-21 13:32:00,898 ERROR [http-nio-80-exec-2] c.a.n.c.a.ExceptionAdvice [ExceptionAdvice.java:24] org.apache.catalina.core.StandardEngineValve.invoke(StandardEngineValve.java:78)
2022-06-21 13:32:00,898 ERROR [http-nio-80-exec-2] c.a.n.c.a.ExceptionAdvice [ExceptionAdvice.java:24] org.apache.catalina.connector.CoyoteAdapter.service(CoyoteAdapter.java:357)
2022-06-21 13:32:00,898 ERROR [http-nio-80-exec-2] c.a.n.c.a.ExceptionAdvice [ExceptionAdvice.java:24] org.apache.coyote.http11.Http11Processor.service(Http11Processor.java:382)
2022-06-21 13:32:00,898 ERROR [http-nio-80-exec-2] c.a.n.c.a.ExceptionAdvice [ExceptionAdvice.java:24] org.apache.coyote.AbstractProcessorLight.process(AbstractProcessorLight.java:65)
2022-06-21 13:32:00,898 ERROR [http-nio-80-exec-2] c.a.n.c.a.ExceptionAdvice [ExceptionAdvice.java:24] org.apache.coyote.AbstractProtocol$ConnectionHandler.process(AbstractProtocol.java:893)
2022-06-21 13:32:00,898 ERROR [http-nio-80-exec-2] c.a.n.c.a.ExceptionAdvice [ExceptionAdvice.java:24] org.apache.tomcat.util.net.NioEndpoint$SocketProcessor.doRun(NioEndpoint.java:1726)
2022-06-21 13:32:00,898 ERROR [http-nio-80-exec-2] c.a.n.c.a.ExceptionAdvice [ExceptionAdvice.java:24] org.apache.tomcat.util.net.SocketProcessorBase.run(SocketProcessorBase.java:49)
2022-06-21 13:32:00,899 ERROR [http-nio-80-exec-2] c.a.n.c.a.ExceptionAdvice [ExceptionAdvice.java:24] org.apache.tomcat.util.threads.ThreadPoolExecutor.runWorker(ThreadPoolExecutor.java:1191)
2022-06-21 13:32:00,899 ERROR [http-nio-80-exec-2] c.a.n.c.a.ExceptionAdvice [ExceptionAdvice.java:24] org.apache.tomcat.util.threads.ThreadPoolExecutor$Worker.run(ThreadPoolExecutor.java:659)
2022-06-21 13:32:00,899 ERROR [http-nio-80-exec-2] c.a.n.c.a.ExceptionAdvice [ExceptionAdvice.java:24] org.apache.tomcat.util.threads.TaskThread$WrappingRunnable.run(TaskThread.java:61)
2022-06-21 13:32:00,899 ERROR [http-nio-80-exec-2] c.a.n.c.a.ExceptionAdvice [ExceptionAdvice.java:24] java.lang.Thread.run(Thread.java:750)
