2022-06-07 17:05:41,602 INFO [main] c.a.n.NewCommunityApplication [StartupInfoLogger.java:55] Starting NewCommunityApplication using Java 1.8.0_322 on hulihengdeMBP with PID 5277 (/Users/huliheng/IdeaProjects/NewCommunity/target/classes started by huliheng in /Users/huliheng/IdeaProjects/NewCommunity)
2022-06-07 17:05:41,615 INFO [main] c.a.n.NewCommunityApplication [SpringApplication.java:634] No active profile set, falling back to 1 default profile: "default"
2022-06-07 17:05:42,511 INFO [main] o.s.d.r.c.RepositoryConfigurationDelegate [RepositoryConfigurationDelegate.java:262] Multiple Spring Data modules found, entering strict repository configuration mode!
2022-06-07 17:05:42,517 INFO [main] o.s.d.r.c.RepositoryConfigurationDelegate [RepositoryConfigurationDelegate.java:132] Bootstrapping Spring Data Redis repositories in DEFAULT mode.
2022-06-07 17:05:42,549 INFO [main] o.s.d.r.c.RepositoryConfigurationDelegate [RepositoryConfigurationDelegate.java:201] Finished Spring Data repository scanning in 10 ms. Found 0 Redis repository interfaces.
2022-06-07 17:05:43,169 INFO [main] o.s.b.w.e.t.TomcatWebServer [TomcatWebServer.java:108] Tomcat initialized with port(s): 80 (http)
2022-06-07 17:05:43,179 INFO [main] o.a.c.h.Http11NioProtocol [DirectJDKLog.java:173] Initializing ProtocolHandler ["http-nio-80"]
2022-06-07 17:05:43,180 INFO [main] o.a.c.c.StandardService [DirectJDKLog.java:173] Starting service [Tomcat]
2022-06-07 17:05:43,180 INFO [main] o.a.c.c.StandardEngine [DirectJDKLog.java:173] Starting Servlet engine: [Apache Tomcat/9.0.63]
2022-06-07 17:05:43,271 INFO [main] o.a.c.c.C.[.[.[/community] [DirectJDKLog.java:173] Initializing Spring embedded WebApplicationContext
2022-06-07 17:05:43,272 INFO [main] o.s.b.w.s.c.ServletWebServerApplicationContext [ServletWebServerApplicationContext.java:292] Root WebApplicationContext: initialization completed in 1583 ms
2022-06-07 17:05:43,894 INFO [main] o.s.b.a.w.s.WelcomePageHandlerMapping [WelcomePageHandlerMapping.java:57] Adding welcome page template: index
2022-06-07 17:05:44,487 INFO [main] o.a.c.h.Http11NioProtocol [DirectJDKLog.java:173] Starting ProtocolHandler ["http-nio-80"]
2022-06-07 17:05:44,511 INFO [main] o.s.b.w.e.t.TomcatWebServer [TomcatWebServer.java:220] Tomcat started on port(s): 80 (http) with context path '/community'
2022-06-07 17:05:44,523 INFO [main] c.a.n.NewCommunityApplication [StartupInfoLogger.java:61] Started NewCommunityApplication in 3.709 seconds (JVM running for 4.349)
2022-06-07 17:05:55,068 INFO [http-nio-80-exec-1] o.a.c.c.C.[.[.[/community] [DirectJDKLog.java:173] Initializing Spring DispatcherServlet 'dispatcherServlet'
2022-06-07 17:05:55,069 INFO [http-nio-80-exec-1] o.s.w.s.DispatcherServlet [FrameworkServlet.java:525] Initializing Servlet 'dispatcherServlet'
2022-06-07 17:05:55,072 INFO [http-nio-80-exec-1] o.s.w.s.DispatcherServlet [FrameworkServlet.java:547] Completed initialization in 2 ms
2022-06-07 17:05:55,155 INFO [http-nio-80-exec-1] c.z.h.HikariDataSource [HikariDataSource.java:110] HikariPool-1 - Starting...
2022-06-07 17:05:55,373 INFO [http-nio-80-exec-1] c.z.h.HikariDataSource [HikariDataSource.java:123] HikariPool-1 - Start completed.
2022-06-07 17:06:22,936 INFO [SpringApplicationShutdownHook] c.z.h.HikariDataSource [HikariDataSource.java:350] HikariPool-1 - Shutdown initiated...
2022-06-07 17:06:22,942 INFO [SpringApplicationShutdownHook] c.z.h.HikariDataSource [HikariDataSource.java:352] HikariPool-1 - Shutdown completed.
2022-06-07 17:06:26,991 INFO [main] c.a.n.NewCommunityApplication [StartupInfoLogger.java:55] Starting NewCommunityApplication using Java 1.8.0_322 on hulihengdeMBP with PID 6863 (/Users/huliheng/IdeaProjects/NewCommunity/target/classes started by huliheng in /Users/huliheng/IdeaProjects/NewCommunity)
2022-06-07 17:06:26,996 INFO [main] c.a.n.NewCommunityApplication [SpringApplication.java:634] No active profile set, falling back to 1 default profile: "default"
2022-06-07 17:06:27,796 INFO [main] o.s.d.r.c.RepositoryConfigurationDelegate [RepositoryConfigurationDelegate.java:262] Multiple Spring Data modules found, entering strict repository configuration mode!
2022-06-07 17:06:27,798 INFO [main] o.s.d.r.c.RepositoryConfigurationDelegate [RepositoryConfigurationDelegate.java:132] Bootstrapping Spring Data Redis repositories in DEFAULT mode.
2022-06-07 17:06:27,823 INFO [main] o.s.d.r.c.RepositoryConfigurationDelegate [RepositoryConfigurationDelegate.java:201] Finished Spring Data repository scanning in 9 ms. Found 0 Redis repository interfaces.
2022-06-07 17:06:28,296 INFO [main] o.s.b.w.e.t.TomcatWebServer [TomcatWebServer.java:108] Tomcat initialized with port(s): 80 (http)
2022-06-07 17:06:28,305 INFO [main] o.a.c.h.Http11NioProtocol [DirectJDKLog.java:173] Initializing ProtocolHandler ["http-nio-80"]
2022-06-07 17:06:28,307 INFO [main] o.a.c.c.StandardService [DirectJDKLog.java:173] Starting service [Tomcat]
2022-06-07 17:06:28,307 INFO [main] o.a.c.c.StandardEngine [DirectJDKLog.java:173] Starting Servlet engine: [Apache Tomcat/9.0.63]
2022-06-07 17:06:28,387 INFO [main] o.a.c.c.C.[.[.[/community] [DirectJDKLog.java:173] Initializing Spring embedded WebApplicationContext
2022-06-07 17:06:28,387 INFO [main] o.s.b.w.s.c.ServletWebServerApplicationContext [ServletWebServerApplicationContext.java:292] Root WebApplicationContext: initialization completed in 1319 ms
2022-06-07 17:06:28,918 INFO [main] o.s.b.a.w.s.WelcomePageHandlerMapping [WelcomePageHandlerMapping.java:57] Adding welcome page template: index
2022-06-07 17:06:29,329 INFO [main] o.a.c.h.Http11NioProtocol [DirectJDKLog.java:173] Starting ProtocolHandler ["http-nio-80"]
2022-06-07 17:06:29,349 INFO [main] o.s.b.w.e.t.TomcatWebServer [TomcatWebServer.java:220] Tomcat started on port(s): 80 (http) with context path '/community'
2022-06-07 17:06:29,360 INFO [main] c.a.n.NewCommunityApplication [StartupInfoLogger.java:61] Started NewCommunityApplication in 2.948 seconds (JVM running for 3.657)
2022-06-07 17:06:38,505 INFO [http-nio-80-exec-1] o.a.c.c.C.[.[.[/community] [DirectJDKLog.java:173] Initializing Spring DispatcherServlet 'dispatcherServlet'
2022-06-07 17:06:38,505 INFO [http-nio-80-exec-1] o.s.w.s.DispatcherServlet [FrameworkServlet.java:525] Initializing Servlet 'dispatcherServlet'
2022-06-07 17:06:38,506 INFO [http-nio-80-exec-1] o.s.w.s.DispatcherServlet [FrameworkServlet.java:547] Completed initialization in 1 ms
2022-06-07 17:06:38,563 INFO [http-nio-80-exec-1] c.z.h.HikariDataSource [HikariDataSource.java:110] HikariPool-1 - Starting...
2022-06-07 17:06:38,693 INFO [http-nio-80-exec-1] c.z.h.HikariDataSource [HikariDataSource.java:123] HikariPool-1 - Start completed.
2022-06-07 17:08:40,588 INFO [SpringApplicationShutdownHook] c.z.h.HikariDataSource [HikariDataSource.java:350] HikariPool-1 - Shutdown initiated...
2022-06-07 17:08:40,595 INFO [SpringApplicationShutdownHook] c.z.h.HikariDataSource [HikariDataSource.java:352] HikariPool-1 - Shutdown completed.
2022-06-07 17:08:43,451 INFO [main] c.a.n.NewCommunityApplication [StartupInfoLogger.java:55] Starting NewCommunityApplication using Java 1.8.0_322 on hulihengdeMBP with PID 9858 (/Users/huliheng/IdeaProjects/NewCommunity/target/classes started by huliheng in /Users/huliheng/IdeaProjects/NewCommunity)
2022-06-07 17:08:43,454 INFO [main] c.a.n.NewCommunityApplication [SpringApplication.java:634] No active profile set, falling back to 1 default profile: "default"
2022-06-07 17:08:44,214 INFO [main] o.s.d.r.c.RepositoryConfigurationDelegate [RepositoryConfigurationDelegate.java:262] Multiple Spring Data modules found, entering strict repository configuration mode!
2022-06-07 17:08:44,215 INFO [main] o.s.d.r.c.RepositoryConfigurationDelegate [RepositoryConfigurationDelegate.java:132] Bootstrapping Spring Data Redis repositories in DEFAULT mode.
2022-06-07 17:08:44,238 INFO [main] o.s.d.r.c.RepositoryConfigurationDelegate [RepositoryConfigurationDelegate.java:201] Finished Spring Data repository scanning in 8 ms. Found 0 Redis repository interfaces.
2022-06-07 17:08:44,713 INFO [main] o.s.b.w.e.t.TomcatWebServer [TomcatWebServer.java:108] Tomcat initialized with port(s): 80 (http)
2022-06-07 17:08:44,720 INFO [main] o.a.c.h.Http11NioProtocol [DirectJDKLog.java:173] Initializing ProtocolHandler ["http-nio-80"]
2022-06-07 17:08:44,721 INFO [main] o.a.c.c.StandardService [DirectJDKLog.java:173] Starting service [Tomcat]
2022-06-07 17:08:44,721 INFO [main] o.a.c.c.StandardEngine [DirectJDKLog.java:173] Starting Servlet engine: [Apache Tomcat/9.0.63]
2022-06-07 17:08:44,800 INFO [main] o.a.c.c.C.[.[.[/community] [DirectJDKLog.java:173] Initializing Spring embedded WebApplicationContext
2022-06-07 17:08:44,801 INFO [main] o.s.b.w.s.c.ServletWebServerApplicationContext [ServletWebServerApplicationContext.java:292] Root WebApplicationContext: initialization completed in 1293 ms
2022-06-07 17:08:45,409 INFO [main] o.s.b.a.w.s.WelcomePageHandlerMapping [WelcomePageHandlerMapping.java:57] Adding welcome page template: index
2022-06-07 17:08:45,819 INFO [main] o.a.c.h.Http11NioProtocol [DirectJDKLog.java:173] Starting ProtocolHandler ["http-nio-80"]
2022-06-07 17:08:45,846 INFO [main] o.s.b.w.e.t.TomcatWebServer [TomcatWebServer.java:220] Tomcat started on port(s): 80 (http) with context path '/community'
2022-06-07 17:08:45,857 INFO [main] c.a.n.NewCommunityApplication [StartupInfoLogger.java:61] Started NewCommunityApplication in 2.936 seconds (JVM running for 3.62)
2022-06-07 17:08:57,509 INFO [http-nio-80-exec-1] o.a.c.c.C.[.[.[/community] [DirectJDKLog.java:173] Initializing Spring DispatcherServlet 'dispatcherServlet'
2022-06-07 17:08:57,509 INFO [http-nio-80-exec-1] o.s.w.s.DispatcherServlet [FrameworkServlet.java:525] Initializing Servlet 'dispatcherServlet'
2022-06-07 17:08:57,511 INFO [http-nio-80-exec-1] o.s.w.s.DispatcherServlet [FrameworkServlet.java:547] Completed initialization in 2 ms
2022-06-07 17:08:57,566 INFO [http-nio-80-exec-1] c.z.h.HikariDataSource [HikariDataSource.java:110] HikariPool-1 - Starting...
2022-06-07 17:08:57,709 INFO [http-nio-80-exec-1] c.z.h.HikariDataSource [HikariDataSource.java:123] HikariPool-1 - Start completed.
2022-06-07 17:09:48,180 INFO [SpringApplicationShutdownHook] c.z.h.HikariDataSource [HikariDataSource.java:350] HikariPool-1 - Shutdown initiated...
2022-06-07 17:09:48,187 INFO [SpringApplicationShutdownHook] c.z.h.HikariDataSource [HikariDataSource.java:352] HikariPool-1 - Shutdown completed.
2022-06-07 17:09:51,243 INFO [main] c.a.n.NewCommunityApplication [StartupInfoLogger.java:55] Starting NewCommunityApplication using Java 1.8.0_322 on hulihengdeMBP with PID 11375 (/Users/huliheng/IdeaProjects/NewCommunity/target/classes started by huliheng in /Users/huliheng/IdeaProjects/NewCommunity)
2022-06-07 17:09:51,246 INFO [main] c.a.n.NewCommunityApplication [SpringApplication.java:634] No active profile set, falling back to 1 default profile: "default"
2022-06-07 17:09:51,858 INFO [main] o.s.d.r.c.RepositoryConfigurationDelegate [RepositoryConfigurationDelegate.java:262] Multiple Spring Data modules found, entering strict repository configuration mode!
2022-06-07 17:09:51,859 INFO [main] o.s.d.r.c.RepositoryConfigurationDelegate [RepositoryConfigurationDelegate.java:132] Bootstrapping Spring Data Redis repositories in DEFAULT mode.
2022-06-07 17:09:51,880 INFO [main] o.s.d.r.c.RepositoryConfigurationDelegate [RepositoryConfigurationDelegate.java:201] Finished Spring Data repository scanning in 7 ms. Found 0 Redis repository interfaces.
2022-06-07 17:09:52,318 INFO [main] o.s.b.w.e.t.TomcatWebServer [TomcatWebServer.java:108] Tomcat initialized with port(s): 80 (http)
2022-06-07 17:09:52,328 INFO [main] o.a.c.h.Http11NioProtocol [DirectJDKLog.java:173] Initializing ProtocolHandler ["http-nio-80"]
2022-06-07 17:09:52,328 INFO [main] o.a.c.c.StandardService [DirectJDKLog.java:173] Starting service [Tomcat]
2022-06-07 17:09:52,329 INFO [main] o.a.c.c.StandardEngine [DirectJDKLog.java:173] Starting Servlet engine: [Apache Tomcat/9.0.63]
2022-06-07 17:09:52,398 INFO [main] o.a.c.c.C.[.[.[/community] [DirectJDKLog.java:173] Initializing Spring embedded WebApplicationContext
2022-06-07 17:09:52,399 INFO [main] o.s.b.w.s.c.ServletWebServerApplicationContext [ServletWebServerApplicationContext.java:292] Root WebApplicationContext: initialization completed in 1108 ms
2022-06-07 17:09:53,011 INFO [main] o.s.b.a.w.s.WelcomePageHandlerMapping [WelcomePageHandlerMapping.java:57] Adding welcome page template: index
2022-06-07 17:09:53,471 INFO [main] o.a.c.h.Http11NioProtocol [DirectJDKLog.java:173] Starting ProtocolHandler ["http-nio-80"]
2022-06-07 17:09:53,494 INFO [main] o.s.b.w.e.t.TomcatWebServer [TomcatWebServer.java:220] Tomcat started on port(s): 80 (http) with context path '/community'
2022-06-07 17:09:53,507 INFO [main] c.a.n.NewCommunityApplication [StartupInfoLogger.java:61] Started NewCommunityApplication in 2.893 seconds (JVM running for 3.692)
2022-06-07 17:10:03,771 INFO [http-nio-80-exec-1] o.a.c.c.C.[.[.[/community] [DirectJDKLog.java:173] Initializing Spring DispatcherServlet 'dispatcherServlet'
2022-06-07 17:10:03,771 INFO [http-nio-80-exec-1] o.s.w.s.DispatcherServlet [FrameworkServlet.java:525] Initializing Servlet 'dispatcherServlet'
2022-06-07 17:10:03,772 INFO [http-nio-80-exec-1] o.s.w.s.DispatcherServlet [FrameworkServlet.java:547] Completed initialization in 1 ms
2022-06-07 17:10:03,820 INFO [http-nio-80-exec-1] c.z.h.HikariDataSource [HikariDataSource.java:110] HikariPool-1 - Starting...
2022-06-07 17:10:03,946 INFO [http-nio-80-exec-1] c.z.h.HikariDataSource [HikariDataSource.java:123] HikariPool-1 - Start completed.
2022-06-07 17:23:23,986 INFO [SpringApplicationShutdownHook] c.z.h.HikariDataSource [HikariDataSource.java:350] HikariPool-1 - Shutdown initiated...
2022-06-07 17:23:23,995 INFO [SpringApplicationShutdownHook] c.z.h.HikariDataSource [HikariDataSource.java:352] HikariPool-1 - Shutdown completed.
2022-06-07 17:23:25,920 INFO [main] c.a.n.NewCommunityApplication [StartupInfoLogger.java:55] Starting NewCommunityApplication using Java 1.8.0_322 on hulihengdeMBP with PID 33691 (/Users/huliheng/IdeaProjects/NewCommunity/target/classes started by huliheng in /Users/huliheng/IdeaProjects/NewCommunity)
2022-06-07 17:23:25,924 INFO [main] c.a.n.NewCommunityApplication [SpringApplication.java:634] No active profile set, falling back to 1 default profile: "default"
2022-06-07 17:23:26,643 INFO [main] o.s.d.r.c.RepositoryConfigurationDelegate [RepositoryConfigurationDelegate.java:262] Multiple Spring Data modules found, entering strict repository configuration mode!
2022-06-07 17:23:26,645 INFO [main] o.s.d.r.c.RepositoryConfigurationDelegate [RepositoryConfigurationDelegate.java:132] Bootstrapping Spring Data Redis repositories in DEFAULT mode.
2022-06-07 17:23:26,666 INFO [main] o.s.d.r.c.RepositoryConfigurationDelegate [RepositoryConfigurationDelegate.java:201] Finished Spring Data repository scanning in 7 ms. Found 0 Redis repository interfaces.
2022-06-07 17:23:27,130 INFO [main] o.s.b.w.e.t.TomcatWebServer [TomcatWebServer.java:108] Tomcat initialized with port(s): 80 (http)
2022-06-07 17:23:27,137 INFO [main] o.a.c.h.Http11NioProtocol [DirectJDKLog.java:173] Initializing ProtocolHandler ["http-nio-80"]
2022-06-07 17:23:27,137 INFO [main] o.a.c.c.StandardService [DirectJDKLog.java:173] Starting service [Tomcat]
2022-06-07 17:23:27,138 INFO [main] o.a.c.c.StandardEngine [DirectJDKLog.java:173] Starting Servlet engine: [Apache Tomcat/9.0.63]
2022-06-07 17:23:27,207 INFO [main] o.a.c.c.C.[.[.[/community] [DirectJDKLog.java:173] Initializing Spring embedded WebApplicationContext
2022-06-07 17:23:27,207 INFO [main] o.s.b.w.s.c.ServletWebServerApplicationContext [ServletWebServerApplicationContext.java:292] Root WebApplicationContext: initialization completed in 1230 ms
2022-06-07 17:23:27,689 INFO [main] o.s.b.a.w.s.WelcomePageHandlerMapping [WelcomePageHandlerMapping.java:57] Adding welcome page template: index
2022-06-07 17:23:28,060 INFO [main] o.a.c.h.Http11NioProtocol [DirectJDKLog.java:173] Starting ProtocolHandler ["http-nio-80"]
2022-06-07 17:23:28,080 INFO [main] o.s.b.w.e.t.TomcatWebServer [TomcatWebServer.java:220] Tomcat started on port(s): 80 (http) with context path '/community'
2022-06-07 17:23:28,090 INFO [main] c.a.n.NewCommunityApplication [StartupInfoLogger.java:61] Started NewCommunityApplication in 2.687 seconds (JVM running for 3.362)
2022-06-07 17:23:34,354 INFO [http-nio-80-exec-1] o.a.c.c.C.[.[.[/community] [DirectJDKLog.java:173] Initializing Spring DispatcherServlet 'dispatcherServlet'
2022-06-07 17:23:34,355 INFO [http-nio-80-exec-1] o.s.w.s.DispatcherServlet [FrameworkServlet.java:525] Initializing Servlet 'dispatcherServlet'
2022-06-07 17:23:34,356 INFO [http-nio-80-exec-1] o.s.w.s.DispatcherServlet [FrameworkServlet.java:547] Completed initialization in 1 ms
2022-06-07 17:23:34,413 INFO [http-nio-80-exec-1] c.z.h.HikariDataSource [HikariDataSource.java:110] HikariPool-1 - Starting...
2022-06-07 17:23:34,539 INFO [http-nio-80-exec-1] c.z.h.HikariDataSource [HikariDataSource.java:123] HikariPool-1 - Start completed.
2022-06-07 17:24:52,405 INFO [SpringApplicationShutdownHook] c.z.h.HikariDataSource [HikariDataSource.java:350] HikariPool-1 - Shutdown initiated...
2022-06-07 17:24:52,410 INFO [SpringApplicationShutdownHook] c.z.h.HikariDataSource [HikariDataSource.java:352] HikariPool-1 - Shutdown completed.
2022-06-07 17:24:55,693 INFO [main] c.a.n.NewCommunityApplication [StartupInfoLogger.java:55] Starting NewCommunityApplication using Java 1.8.0_322 on hulihengdeMBP with PID 36692 (/Users/huliheng/IdeaProjects/NewCommunity/target/classes started by huliheng in /Users/huliheng/IdeaProjects/NewCommunity)
2022-06-07 17:24:55,696 INFO [main] c.a.n.NewCommunityApplication [SpringApplication.java:634] No active profile set, falling back to 1 default profile: "default"
2022-06-07 17:24:56,375 INFO [main] o.s.d.r.c.RepositoryConfigurationDelegate [RepositoryConfigurationDelegate.java:262] Multiple Spring Data modules found, entering strict repository configuration mode!
2022-06-07 17:24:56,378 INFO [main] o.s.d.r.c.RepositoryConfigurationDelegate [RepositoryConfigurationDelegate.java:132] Bootstrapping Spring Data Redis repositories in DEFAULT mode.
2022-06-07 17:24:56,398 INFO [main] o.s.d.r.c.RepositoryConfigurationDelegate [RepositoryConfigurationDelegate.java:201] Finished Spring Data repository scanning in 7 ms. Found 0 Redis repository interfaces.
2022-06-07 17:24:56,878 INFO [main] o.s.b.w.e.t.TomcatWebServer [TomcatWebServer.java:108] Tomcat initialized with port(s): 80 (http)
2022-06-07 17:24:56,885 INFO [main] o.a.c.h.Http11NioProtocol [DirectJDKLog.java:173] Initializing ProtocolHandler ["http-nio-80"]
2022-06-07 17:24:56,886 INFO [main] o.a.c.c.StandardService [DirectJDKLog.java:173] Starting service [Tomcat]
2022-06-07 17:24:56,887 INFO [main] o.a.c.c.StandardEngine [DirectJDKLog.java:173] Starting Servlet engine: [Apache Tomcat/9.0.63]
2022-06-07 17:24:56,956 INFO [main] o.a.c.c.C.[.[.[/community] [DirectJDKLog.java:173] Initializing Spring embedded WebApplicationContext
2022-06-07 17:24:56,956 INFO [main] o.s.b.w.s.c.ServletWebServerApplicationContext [ServletWebServerApplicationContext.java:292] Root WebApplicationContext: initialization completed in 1219 ms
2022-06-07 17:24:57,437 INFO [main] o.s.b.a.w.s.WelcomePageHandlerMapping [WelcomePageHandlerMapping.java:57] Adding welcome page template: index
2022-06-07 17:24:57,799 INFO [main] o.a.c.h.Http11NioProtocol [DirectJDKLog.java:173] Starting ProtocolHandler ["http-nio-80"]
2022-06-07 17:24:57,819 INFO [main] o.s.b.w.e.t.TomcatWebServer [TomcatWebServer.java:220] Tomcat started on port(s): 80 (http) with context path '/community'
2022-06-07 17:24:57,830 INFO [main] c.a.n.NewCommunityApplication [StartupInfoLogger.java:61] Started NewCommunityApplication in 2.794 seconds (JVM running for 3.627)
2022-06-07 17:25:01,982 INFO [http-nio-80-exec-1] o.a.c.c.C.[.[.[/community] [DirectJDKLog.java:173] Initializing Spring DispatcherServlet 'dispatcherServlet'
2022-06-07 17:25:01,982 INFO [http-nio-80-exec-1] o.s.w.s.DispatcherServlet [FrameworkServlet.java:525] Initializing Servlet 'dispatcherServlet'
2022-06-07 17:25:01,984 INFO [http-nio-80-exec-1] o.s.w.s.DispatcherServlet [FrameworkServlet.java:547] Completed initialization in 1 ms
2022-06-07 17:25:02,031 INFO [http-nio-80-exec-1] c.z.h.HikariDataSource [HikariDataSource.java:110] HikariPool-1 - Starting...
2022-06-07 17:25:02,165 INFO [http-nio-80-exec-1] c.z.h.HikariDataSource [HikariDataSource.java:123] HikariPool-1 - Start completed.
2022-06-07 17:29:04,247 INFO [SpringApplicationShutdownHook] c.z.h.HikariDataSource [HikariDataSource.java:350] HikariPool-1 - Shutdown initiated...
2022-06-07 17:29:04,252 INFO [SpringApplicationShutdownHook] c.z.h.HikariDataSource [HikariDataSource.java:352] HikariPool-1 - Shutdown completed.
2022-06-07 17:29:06,749 INFO [main] c.a.n.NewCommunityApplication [StartupInfoLogger.java:55] Starting NewCommunityApplication using Java 1.8.0_322 on hulihengdeMBP with PID 42672 (/Users/huliheng/IdeaProjects/NewCommunity/target/classes started by huliheng in /Users/huliheng/IdeaProjects/NewCommunity)
2022-06-07 17:29:06,753 INFO [main] c.a.n.NewCommunityApplication [SpringApplication.java:634] No active profile set, falling back to 1 default profile: "default"
2022-06-07 17:29:07,338 INFO [main] o.s.d.r.c.RepositoryConfigurationDelegate [RepositoryConfigurationDelegate.java:262] Multiple Spring Data modules found, entering strict repository configuration mode!
2022-06-07 17:29:07,340 INFO [main] o.s.d.r.c.RepositoryConfigurationDelegate [RepositoryConfigurationDelegate.java:132] Bootstrapping Spring Data Redis repositories in DEFAULT mode.
2022-06-07 17:29:07,358 INFO [main] o.s.d.r.c.RepositoryConfigurationDelegate [RepositoryConfigurationDelegate.java:201] Finished Spring Data repository scanning in 7 ms. Found 0 Redis repository interfaces.
2022-06-07 17:29:07,784 INFO [main] o.s.b.w.e.t.TomcatWebServer [TomcatWebServer.java:108] Tomcat initialized with port(s): 80 (http)
2022-06-07 17:29:07,792 INFO [main] o.a.c.h.Http11NioProtocol [DirectJDKLog.java:173] Initializing ProtocolHandler ["http-nio-80"]
2022-06-07 17:29:07,792 INFO [main] o.a.c.c.StandardService [DirectJDKLog.java:173] Starting service [Tomcat]
2022-06-07 17:29:07,793 INFO [main] o.a.c.c.StandardEngine [DirectJDKLog.java:173] Starting Servlet engine: [Apache Tomcat/9.0.63]
2022-06-07 17:29:07,857 INFO [main] o.a.c.c.C.[.[.[/community] [DirectJDKLog.java:173] Initializing Spring embedded WebApplicationContext
2022-06-07 17:29:07,858 INFO [main] o.s.b.w.s.c.ServletWebServerApplicationContext [ServletWebServerApplicationContext.java:292] Root WebApplicationContext: initialization completed in 1066 ms
2022-06-07 17:29:08,314 INFO [main] o.s.b.a.w.s.WelcomePageHandlerMapping [WelcomePageHandlerMapping.java:57] Adding welcome page template: index
2022-06-07 17:29:08,662 INFO [main] o.a.c.h.Http11NioProtocol [DirectJDKLog.java:173] Starting ProtocolHandler ["http-nio-80"]
2022-06-07 17:29:08,682 INFO [main] o.s.b.w.e.t.TomcatWebServer [TomcatWebServer.java:220] Tomcat started on port(s): 80 (http) with context path '/community'
2022-06-07 17:29:08,694 INFO [main] c.a.n.NewCommunityApplication [StartupInfoLogger.java:61] Started NewCommunityApplication in 2.354 seconds (JVM running for 2.853)
2022-06-07 17:29:14,480 INFO [http-nio-80-exec-1] o.a.c.c.C.[.[.[/community] [DirectJDKLog.java:173] Initializing Spring DispatcherServlet 'dispatcherServlet'
2022-06-07 17:29:14,480 INFO [http-nio-80-exec-1] o.s.w.s.DispatcherServlet [FrameworkServlet.java:525] Initializing Servlet 'dispatcherServlet'
2022-06-07 17:29:14,482 INFO [http-nio-80-exec-1] o.s.w.s.DispatcherServlet [FrameworkServlet.java:547] Completed initialization in 1 ms
2022-06-07 17:29:14,541 INFO [http-nio-80-exec-1] c.z.h.HikariDataSource [HikariDataSource.java:110] HikariPool-1 - Starting...
2022-06-07 17:29:14,666 INFO [http-nio-80-exec-1] c.z.h.HikariDataSource [HikariDataSource.java:123] HikariPool-1 - Start completed.
2022-06-07 17:29:42,124 INFO [SpringApplicationShutdownHook] c.z.h.HikariDataSource [HikariDataSource.java:350] HikariPool-1 - Shutdown initiated...
2022-06-07 17:29:42,136 INFO [SpringApplicationShutdownHook] c.z.h.HikariDataSource [HikariDataSource.java:352] HikariPool-1 - Shutdown completed.
2022-06-07 17:29:45,336 INFO [main] c.a.n.NewCommunityApplication [StartupInfoLogger.java:55] Starting NewCommunityApplication using Java 1.8.0_322 on hulihengdeMBP with PID 44178 (/Users/huliheng/IdeaProjects/NewCommunity/target/classes started by huliheng in /Users/huliheng/IdeaProjects/NewCommunity)
2022-06-07 17:29:45,339 INFO [main] c.a.n.NewCommunityApplication [SpringApplication.java:634] No active profile set, falling back to 1 default profile: "default"
2022-06-07 17:29:45,970 INFO [main] o.s.d.r.c.RepositoryConfigurationDelegate [RepositoryConfigurationDelegate.java:262] Multiple Spring Data modules found, entering strict repository configuration mode!
2022-06-07 17:29:45,972 INFO [main] o.s.d.r.c.RepositoryConfigurationDelegate [RepositoryConfigurationDelegate.java:132] Bootstrapping Spring Data Redis repositories in DEFAULT mode.
2022-06-07 17:29:45,990 INFO [main] o.s.d.r.c.RepositoryConfigurationDelegate [RepositoryConfigurationDelegate.java:201] Finished Spring Data repository scanning in 6 ms. Found 0 Redis repository interfaces.
2022-06-07 17:29:46,443 INFO [main] o.s.b.w.e.t.TomcatWebServer [TomcatWebServer.java:108] Tomcat initialized with port(s): 80 (http)
2022-06-07 17:29:46,452 INFO [main] o.a.c.h.Http11NioProtocol [DirectJDKLog.java:173] Initializing ProtocolHandler ["http-nio-80"]
2022-06-07 17:29:46,452 INFO [main] o.a.c.c.StandardService [DirectJDKLog.java:173] Starting service [Tomcat]
2022-06-07 17:29:46,453 INFO [main] o.a.c.c.StandardEngine [DirectJDKLog.java:173] Starting Servlet engine: [Apache Tomcat/9.0.63]
2022-06-07 17:29:46,522 INFO [main] o.a.c.c.C.[.[.[/community] [DirectJDKLog.java:173] Initializing Spring embedded WebApplicationContext
2022-06-07 17:29:46,522 INFO [main] o.s.b.w.s.c.ServletWebServerApplicationContext [ServletWebServerApplicationContext.java:292] Root WebApplicationContext: initialization completed in 1136 ms
2022-06-07 17:29:47,013 INFO [main] o.s.b.a.w.s.WelcomePageHandlerMapping [WelcomePageHandlerMapping.java:57] Adding welcome page template: index
2022-06-07 17:29:47,389 INFO [main] o.a.c.h.Http11NioProtocol [DirectJDKLog.java:173] Starting ProtocolHandler ["http-nio-80"]
2022-06-07 17:29:47,410 INFO [main] o.s.b.w.e.t.TomcatWebServer [TomcatWebServer.java:220] Tomcat started on port(s): 80 (http) with context path '/community'
2022-06-07 17:29:47,422 INFO [main] c.a.n.NewCommunityApplication [StartupInfoLogger.java:61] Started NewCommunityApplication in 2.594 seconds (JVM running for 3.203)
2022-06-07 17:29:51,556 INFO [http-nio-80-exec-1] o.a.c.c.C.[.[.[/community] [DirectJDKLog.java:173] Initializing Spring DispatcherServlet 'dispatcherServlet'
2022-06-07 17:29:51,557 INFO [http-nio-80-exec-1] o.s.w.s.DispatcherServlet [FrameworkServlet.java:525] Initializing Servlet 'dispatcherServlet'
2022-06-07 17:29:51,558 INFO [http-nio-80-exec-1] o.s.w.s.DispatcherServlet [FrameworkServlet.java:547] Completed initialization in 1 ms
2022-06-07 17:29:51,610 INFO [http-nio-80-exec-1] c.z.h.HikariDataSource [HikariDataSource.java:110] HikariPool-1 - Starting...
2022-06-07 17:29:51,744 INFO [http-nio-80-exec-1] c.z.h.HikariDataSource [HikariDataSource.java:123] HikariPool-1 - Start completed.
2022-06-07 20:30:25,447 INFO [SpringApplicationShutdownHook] c.z.h.HikariDataSource [HikariDataSource.java:350] HikariPool-1 - Shutdown initiated...
2022-06-07 20:30:25,449 INFO [SpringApplicationShutdownHook] c.z.h.HikariDataSource [HikariDataSource.java:352] HikariPool-1 - Shutdown completed.
